  jhjTetris.c
d:\c_project\tetris_git\jhj_tetris - multi\multimodesetting.h(64): warning C4047: '=': 'HANDLE'의 간접 참조 수준이 'uintptr_t'과(와) 다릅니다.
d:\c_project\tetris_git\jhj_tetris - multi\multimodesetting.h(69): warning C4996: 'itoa': The POSIX name for this item is deprecated. Instead, use the ISO C and C++ conformant name: _itoa. See online help for details.
  c:\program files (x86)\windows kits\10\include\10.0.16299.0\ucrt\stdlib.h(1334): note: 'itoa' 선언을 참조하십시오.
d:\c_project\tetris_git\jhj_tetris - multi\multimodesetting.h(140): warning C4047: '=': 'HANDLE'의 간접 참조 수준이 'uintptr_t'과(와) 다릅니다.
d:\c_project\tetris_git\jhj_tetris - multi\multimodesetting.h(125): warning C4996: 'inet_addr': Use inet_pton() or InetPton() instead or define _WINSOCK_DEPRECATED_NO_WARNINGS to disable deprecated API warnings
  c:\program files (x86)\windows kits\10\include\10.0.16299.0\um\winsock2.h(1830): note: 'inet_addr' 선언을 참조하십시오.
d:\c_project\tetris_git\jhj_tetris - multi\multimodesetting.h(197): warning C4996: 'gethostbyname': Use getaddrinfo() or GetAddrInfoW() instead or define _WINSOCK_DEPRECATED_NO_WARNINGS to disable deprecated API warnings
  c:\program files (x86)\windows kits\10\include\10.0.16299.0\um\winsock2.h(2218): note: 'gethostbyname' 선언을 참조하십시오.
d:\c_project\tetris_git\jhj_tetris - multi\multimodesetting.h(208): warning C4996: 'inet_ntoa': Use inet_ntop() or InetNtop() instead or define _WINSOCK_DEPRECATED_NO_WARNINGS to disable deprecated API warnings
  c:\program files (x86)\windows kits\10\include\10.0.16299.0\um\winsock2.h(1848): note: 'inet_ntoa' 선언을 참조하십시오.
d:\c_project\tetris_git\jhj_tetris - multi\multimodesetting.h(267): warning C4996: 'itoa': The POSIX name for this item is deprecated. Instead, use the ISO C and C++ conformant name: _itoa. See online help for details.
  c:\program files (x86)\windows kits\10\include\10.0.16299.0\ucrt\stdlib.h(1334): note: 'itoa' 선언을 참조하십시오.
d:\c_project\tetris_git\jhj_tetris - multi\playinggame.h(22): warning C4047: '=': 'HANDLE'의 간접 참조 수준이 'uintptr_t'과(와) 다릅니다.
d:\c_project\tetris_git\jhj_tetris - multi\playinggame.h(23): warning C4047: '=': 'HANDLE'의 간접 참조 수준이 'uintptr_t'과(와) 다릅니다.
d:\c_project\tetris_git\jhj_tetris - multi\thread.h(116): warning C4267: '=': 'size_t'에서 'int'(으)로 변환하면서 데이터가 손실될 수 있습니다.
d:\c_project\tetris_git\jhj_tetris - multi\thread.h(259): warning C4267: '=': 'size_t'에서 'int'(으)로 변환하면서 데이터가 손실될 수 있습니다.
d:\c_project\tetris_git\jhj_tetris - multi\thread.h(263): warning C4267: '=': 'size_t'에서 'int'(으)로 변환하면서 데이터가 손실될 수 있습니다.
  코드를 생성하고 있습니다.
  1 of 78 functions ( 1.3%) were compiled, the rest were copied from previous compilation.
    0 functions were new in current compilation
    1 functions had inline decision re-evaluated but remain unchanged
  코드를 생성했습니다.
  jhj_tetris.vcxproj -> D:\C_Project\tetris_git\jhj_tetris - multi\x64\Release\jhj_tetris.exe
